mode: set
github.com/achal1304/One2N_GoBootcamp/wordcount/cmd/root.go:24.54,28.17 3 0
github.com/achal1304/One2N_GoBootcamp/wordcount/cmd/root.go:28.17,30.4 1 0
github.com/achal1304/One2N_GoBootcamp/wordcount/cmd/root.go:32.3,33.13 2 0
github.com/achal1304/One2N_GoBootcamp/wordcount/cmd/root.go:39.16,41.16 2 0
github.com/achal1304/One2N_GoBootcamp/wordcount/cmd/root.go:41.16,43.3 1 0
github.com/achal1304/One2N_GoBootcamp/wordcount/cmd/root.go:46.13,61.2 4 0
github.com/achal1304/One2N_GoBootcamp/wordcount/main.go:8.13,10.2 1 0
github.com/achal1304/One2N_GoBootcamp/wordcount/contract/flags.go:9.25,11.2 1 0
github.com/achal1304/One2N_GoBootcamp/wordcount/wcerrors/error.go:9.62,10.45 1 0
github.com/achal1304/One2N_GoBootcamp/wordcount/wcerrors/error.go:10.45,12.3 1 0
github.com/achal1304/One2N_GoBootcamp/wordcount/wcerrors/error.go:12.8,12.54 1 0
github.com/achal1304/One2N_GoBootcamp/wordcount/wcerrors/error.go:12.54,14.3 1 0
github.com/achal1304/One2N_GoBootcamp/wordcount/wcerrors/error.go:14.8,16.3 1 0
github.com/achal1304/One2N_GoBootcamp/wordcount/contract/flags.go:9.25,11.2 1 0
github.com/achal1304/One2N_GoBootcamp/wordcount/wchandler/processer.go:12.93,15.16 3 1
github.com/achal1304/One2N_GoBootcamp/wordcount/wchandler/processer.go:15.16,17.3 1 1
github.com/achal1304/One2N_GoBootcamp/wordcount/wchandler/processer.go:18.2,21.21 3 1
github.com/achal1304/One2N_GoBootcamp/wordcount/wchandler/processer.go:21.21,26.3 4 1
github.com/achal1304/One2N_GoBootcamp/wordcount/wchandler/processer.go:27.2,28.16 2 1
github.com/achal1304/One2N_GoBootcamp/wordcount/wchandler/processer.go:28.16,30.3 1 0
github.com/achal1304/One2N_GoBootcamp/wordcount/wchandler/processer.go:31.2,33.38 2 1
github.com/achal1304/One2N_GoBootcamp/wordcount/wchandler/processer.go:33.38,35.3 1 0
github.com/achal1304/One2N_GoBootcamp/wordcount/wchandler/processer.go:37.2,37.29 1 1
github.com/achal1304/One2N_GoBootcamp/wordcount/wchandler/stdprocessor.go:10.82,12.70 2 1
github.com/achal1304/One2N_GoBootcamp/wordcount/wchandler/stdprocessor.go:12.70,13.24 1 1
github.com/achal1304/One2N_GoBootcamp/wordcount/wchandler/stdprocessor.go:13.24,15.4 1 1
github.com/achal1304/One2N_GoBootcamp/wordcount/wchandler/stdprocessor.go:17.3,17.24 1 1
github.com/achal1304/One2N_GoBootcamp/wordcount/wchandler/stdprocessor.go:17.24,19.4 1 1
github.com/achal1304/One2N_GoBootcamp/wordcount/wchandler/stdprocessor.go:21.3,21.29 1 1
github.com/achal1304/One2N_GoBootcamp/wordcount/wchandler/stdprocessor.go:21.29,23.4 1 1
github.com/achal1304/One2N_GoBootcamp/wordcount/wchandler/stdprocessor.go:24.3,24.50 1 1
github.com/achal1304/One2N_GoBootcamp/wordcount/wchandler/stdprocessor.go:25.8,30.3 4 1
github.com/achal1304/One2N_GoBootcamp/wordcount/wchandler/stdprocessor.go:32.2,32.15 1 1
github.com/achal1304/One2N_GoBootcamp/wordcount/wchandler/stdprocessor.go:35.49,37.2 1 1
