mode: set
github.com/achal1304/One2N_GoBootcamp/gameofpig/dice.go:15.26,17.2 1 1
github.com/achal1304/One2N_GoBootcamp/gameofpig/game.go:13.82,15.26 2 1
github.com/achal1304/One2N_GoBootcamp/gameofpig/game.go:15.26,20.7 4 1
github.com/achal1304/One2N_GoBootcamp/gameofpig/game.go:20.7,22.36 2 1
github.com/achal1304/One2N_GoBootcamp/gameofpig/game.go:22.36,23.10 1 1
github.com/achal1304/One2N_GoBootcamp/gameofpig/game.go:25.4,27.36 3 1
github.com/achal1304/One2N_GoBootcamp/gameofpig/game.go:27.36,28.10 1 1
github.com/achal1304/One2N_GoBootcamp/gameofpig/game.go:30.4,30.27 1 1
github.com/achal1304/One2N_GoBootcamp/gameofpig/game.go:32.3,32.31 1 1
github.com/achal1304/One2N_GoBootcamp/gameofpig/game.go:32.31,34.4 1 1
github.com/achal1304/One2N_GoBootcamp/gameofpig/game.go:36.2,36.83 1 1
github.com/achal1304/One2N_GoBootcamp/gameofpig/game.go:39.68,42.48 3 0
github.com/achal1304/One2N_GoBootcamp/gameofpig/game.go:42.48,45.3 2 0
github.com/achal1304/One2N_GoBootcamp/gameofpig/game.go:45.8,48.3 2 0
github.com/achal1304/One2N_GoBootcamp/gameofpig/game.go:49.2,50.80 2 0
github.com/achal1304/One2N_GoBootcamp/gameofpig/game.go:50.80,51.41 1 0
github.com/achal1304/One2N_GoBootcamp/gameofpig/game.go:51.41,52.12 1 0
github.com/achal1304/One2N_GoBootcamp/gameofpig/game.go:54.3,55.66 2 0
github.com/achal1304/One2N_GoBootcamp/gameofpig/game.go:59.68,60.62 1 0
github.com/achal1304/One2N_GoBootcamp/gameofpig/game.go:60.62,64.63 4 0
github.com/achal1304/One2N_GoBootcamp/gameofpig/game.go:64.63,65.14 1 0
github.com/achal1304/One2N_GoBootcamp/gameofpig/game.go:65.14,66.13 1 0
github.com/achal1304/One2N_GoBootcamp/gameofpig/game.go:68.4,71.13 4 0
github.com/achal1304/One2N_GoBootcamp/gameofpig/game.go:73.3,73.71 1 0
github.com/achal1304/One2N_GoBootcamp/gameofpig/game.go:77.42,79.6 2 1
github.com/achal1304/One2N_GoBootcamp/gameofpig/game.go:79.6,81.18 2 1
github.com/achal1304/One2N_GoBootcamp/gameofpig/game.go:81.18,83.4 1 1
github.com/achal1304/One2N_GoBootcamp/gameofpig/game.go:84.3,84.52 1 1
github.com/achal1304/One2N_GoBootcamp/gameofpig/game.go:84.52,86.4 1 1
github.com/achal1304/One2N_GoBootcamp/gameofpig/game.go:87.3,87.25 1 1
github.com/achal1304/One2N_GoBootcamp/gameofpig/main.go:12.49,16.31 3 0
github.com/achal1304/One2N_GoBootcamp/gameofpig/main.go:16.31,17.32 1 0
github.com/achal1304/One2N_GoBootcamp/gameofpig/main.go:17.32,19.18 2 0
github.com/achal1304/One2N_GoBootcamp/gameofpig/main.go:19.18,21.5 1 0
github.com/achal1304/One2N_GoBootcamp/gameofpig/main.go:22.4,22.24 1 0
github.com/achal1304/One2N_GoBootcamp/gameofpig/main.go:24.3,24.61 1 0
github.com/achal1304/One2N_GoBootcamp/gameofpig/main.go:27.2,28.27 2 0
github.com/achal1304/One2N_GoBootcamp/gameofpig/main.go:28.27,30.3 1 0
github.com/achal1304/One2N_GoBootcamp/gameofpig/main.go:32.2,33.40 2 0
github.com/achal1304/One2N_GoBootcamp/gameofpig/main.go:33.40,35.3 1 0
github.com/achal1304/One2N_GoBootcamp/gameofpig/main.go:37.2,37.22 1 0
github.com/achal1304/One2N_GoBootcamp/gameofpig/main.go:40.13,50.16 7 0
github.com/achal1304/One2N_GoBootcamp/gameofpig/main.go:50.16,53.3 2 0
github.com/achal1304/One2N_GoBootcamp/gameofpig/main.go:54.2,55.16 2 0
github.com/achal1304/One2N_GoBootcamp/gameofpig/main.go:55.16,58.3 2 0
github.com/achal1304/One2N_GoBootcamp/gameofpig/main.go:59.2,71.66 3 0
github.com/achal1304/One2N_GoBootcamp/gameofpig/main.go:71.66,75.3 3 0
github.com/achal1304/One2N_GoBootcamp/gameofpig/main.go:75.8,75.73 1 0
github.com/achal1304/One2N_GoBootcamp/gameofpig/main.go:75.73,77.3 1 0
github.com/achal1304/One2N_GoBootcamp/gameofpig/main.go:77.8,79.3 1 0
github.com/achal1304/One2N_GoBootcamp/gameofpig/printOutcome.go:5.99,14.2 4 0
github.com/achal1304/One2N_GoBootcamp/gameofpig/printOutcome.go:16.90,25.2 4 0
