mode: set
github.com/achal1304/One2N_GoBootcamp/gameofpig/dice.go:19.26,21.2 1 0
github.com/achal1304/One2N_GoBootcamp/gameofpig/game.go:17.82,19.26 2 1
github.com/achal1304/One2N_GoBootcamp/gameofpig/game.go:19.26,24.7 4 1
github.com/achal1304/One2N_GoBootcamp/gameofpig/game.go:24.7,26.36 2 1
github.com/achal1304/One2N_GoBootcamp/gameofpig/game.go:26.36,27.10 1 1
github.com/achal1304/One2N_GoBootcamp/gameofpig/game.go:29.4,31.36 3 1
github.com/achal1304/One2N_GoBootcamp/gameofpig/game.go:31.36,32.10 1 1
github.com/achal1304/One2N_GoBootcamp/gameofpig/game.go:34.4,34.27 1 1
github.com/achal1304/One2N_GoBootcamp/gameofpig/game.go:36.3,36.31 1 1
github.com/achal1304/One2N_GoBootcamp/gameofpig/game.go:36.31,38.4 1 1
github.com/achal1304/One2N_GoBootcamp/gameofpig/game.go:40.2,40.83 1 1
github.com/achal1304/One2N_GoBootcamp/gameofpig/game.go:43.99,52.2 4 0
github.com/achal1304/One2N_GoBootcamp/gameofpig/game.go:54.90,63.2 4 0
github.com/achal1304/One2N_GoBootcamp/gameofpig/game.go:65.68,68.48 3 0
github.com/achal1304/One2N_GoBootcamp/gameofpig/game.go:68.48,71.3 2 0
github.com/achal1304/One2N_GoBootcamp/gameofpig/game.go:71.8,74.3 2 0
github.com/achal1304/One2N_GoBootcamp/gameofpig/game.go:75.2,76.80 2 0
github.com/achal1304/One2N_GoBootcamp/gameofpig/game.go:76.80,77.41 1 0
github.com/achal1304/One2N_GoBootcamp/gameofpig/game.go:77.41,78.12 1 0
github.com/achal1304/One2N_GoBootcamp/gameofpig/game.go:80.3,81.66 2 0
github.com/achal1304/One2N_GoBootcamp/gameofpig/game.go:85.68,86.62 1 0
github.com/achal1304/One2N_GoBootcamp/gameofpig/game.go:86.62,90.63 4 0
github.com/achal1304/One2N_GoBootcamp/gameofpig/game.go:90.63,91.14 1 0
github.com/achal1304/One2N_GoBootcamp/gameofpig/game.go:91.14,92.13 1 0
github.com/achal1304/One2N_GoBootcamp/gameofpig/game.go:94.4,97.13 4 0
github.com/achal1304/One2N_GoBootcamp/gameofpig/game.go:99.3,99.71 1 0
github.com/achal1304/One2N_GoBootcamp/gameofpig/game.go:103.42,105.6 2 1
github.com/achal1304/One2N_GoBootcamp/gameofpig/game.go:105.6,107.18 2 1
github.com/achal1304/One2N_GoBootcamp/gameofpig/game.go:107.18,109.4 1 1
github.com/achal1304/One2N_GoBootcamp/gameofpig/game.go:110.3,110.52 1 1
github.com/achal1304/One2N_GoBootcamp/gameofpig/game.go:110.52,112.4 1 1
github.com/achal1304/One2N_GoBootcamp/gameofpig/game.go:113.3,113.25 1 1
github.com/achal1304/One2N_GoBootcamp/gameofpig/main.go:10.49,14.31 3 0
github.com/achal1304/One2N_GoBootcamp/gameofpig/main.go:14.31,15.32 1 0
github.com/achal1304/One2N_GoBootcamp/gameofpig/main.go:15.32,17.18 2 0
github.com/achal1304/One2N_GoBootcamp/gameofpig/main.go:17.18,19.5 1 0
github.com/achal1304/One2N_GoBootcamp/gameofpig/main.go:20.4,20.24 1 0
github.com/achal1304/One2N_GoBootcamp/gameofpig/main.go:22.3,22.61 1 0
github.com/achal1304/One2N_GoBootcamp/gameofpig/main.go:25.2,26.27 2 0
github.com/achal1304/One2N_GoBootcamp/gameofpig/main.go:26.27,28.3 1 0
github.com/achal1304/One2N_GoBootcamp/gameofpig/main.go:30.2,31.40 2 0
github.com/achal1304/One2N_GoBootcamp/gameofpig/main.go:31.40,33.3 1 0
github.com/achal1304/One2N_GoBootcamp/gameofpig/main.go:35.2,35.22 1 0
github.com/achal1304/One2N_GoBootcamp/gameofpig/main.go:38.13,48.16 7 0
github.com/achal1304/One2N_GoBootcamp/gameofpig/main.go:48.16,51.3 2 0
github.com/achal1304/One2N_GoBootcamp/gameofpig/main.go:52.2,53.16 2 0
github.com/achal1304/One2N_GoBootcamp/gameofpig/main.go:53.16,56.3 2 0
github.com/achal1304/One2N_GoBootcamp/gameofpig/main.go:57.2,69.66 3 0
github.com/achal1304/One2N_GoBootcamp/gameofpig/main.go:69.66,73.3 3 0
github.com/achal1304/One2N_GoBootcamp/gameofpig/main.go:73.8,73.73 1 0
github.com/achal1304/One2N_GoBootcamp/gameofpig/main.go:73.73,75.3 1 0
github.com/achal1304/One2N_GoBootcamp/gameofpig/main.go:75.8,77.3 1 0
