mode: set
github.com/achal1304/One2N_GoBootcamp/wordcount/main.go:8.13,10.2 1 0
github.com/achal1304/One2N_GoBootcamp/wordcount/cmd/root.go:26.54,29.21 1 0
github.com/achal1304/One2N_GoBootcamp/wordcount/cmd/root.go:29.21,31.4 1 0
github.com/achal1304/One2N_GoBootcamp/wordcount/cmd/root.go:33.3,40.28 7 0
github.com/achal1304/One2N_GoBootcamp/wordcount/cmd/root.go:40.28,43.4 2 0
github.com/achal1304/One2N_GoBootcamp/wordcount/cmd/root.go:45.3,45.13 1 0
github.com/achal1304/One2N_GoBootcamp/wordcount/cmd/root.go:45.13,48.4 2 0
github.com/achal1304/One2N_GoBootcamp/wordcount/cmd/root.go:50.3,54.25 5 0
github.com/achal1304/One2N_GoBootcamp/wordcount/cmd/root.go:54.25,56.4 1 0
github.com/achal1304/One2N_GoBootcamp/wordcount/cmd/root.go:57.3,57.20 1 0
github.com/achal1304/One2N_GoBootcamp/wordcount/cmd/root.go:57.20,59.4 1 0
github.com/achal1304/One2N_GoBootcamp/wordcount/cmd/root.go:61.3,61.13 1 0
github.com/achal1304/One2N_GoBootcamp/wordcount/cmd/root.go:67.16,69.16 2 0
github.com/achal1304/One2N_GoBootcamp/wordcount/cmd/root.go:69.16,71.3 1 0
github.com/achal1304/One2N_GoBootcamp/wordcount/cmd/root.go:74.13,90.2 5 0
github.com/achal1304/One2N_GoBootcamp/wordcount/contract/flags.go:9.25,11.2 1 0
github.com/achal1304/One2N_GoBootcamp/wordcount/wcerrors/error.go:14.44,15.44 1 1
github.com/achal1304/One2N_GoBootcamp/wordcount/wcerrors/error.go:15.44,20.3 1 1
github.com/achal1304/One2N_GoBootcamp/wordcount/wcerrors/error.go:20.8,20.53 1 1
github.com/achal1304/One2N_GoBootcamp/wordcount/wcerrors/error.go:20.53,25.3 1 1
github.com/achal1304/One2N_GoBootcamp/wordcount/wcerrors/error.go:25.8,30.3 1 1
github.com/achal1304/One2N_GoBootcamp/wordcount/contract/flags.go:9.25,11.2 1 0
github.com/achal1304/One2N_GoBootcamp/wordcount/wchandler/processer.go:19.20,23.20 4 1
github.com/achal1304/One2N_GoBootcamp/wordcount/wchandler/processer.go:23.20,25.17 2 1
github.com/achal1304/One2N_GoBootcamp/wordcount/wchandler/processer.go:25.17,29.4 3 1
github.com/achal1304/One2N_GoBootcamp/wordcount/wchandler/processer.go:31.3,31.23 1 1
github.com/achal1304/One2N_GoBootcamp/wordcount/wchandler/processer.go:31.23,35.4 3 1
github.com/achal1304/One2N_GoBootcamp/wordcount/wchandler/processer.go:37.3,38.17 2 1
github.com/achal1304/One2N_GoBootcamp/wordcount/wchandler/processer.go:38.17,42.4 3 0
github.com/achal1304/One2N_GoBootcamp/wordcount/wchandler/processer.go:43.3,46.17 3 1
github.com/achal1304/One2N_GoBootcamp/wordcount/wchandler/processer.go:46.17,50.4 3 0
github.com/achal1304/One2N_GoBootcamp/wordcount/wchandler/processer.go:51.3,52.35 2 1
github.com/achal1304/One2N_GoBootcamp/wordcount/wchandler/processer.go:53.8,55.3 1 1
github.com/achal1304/One2N_GoBootcamp/wordcount/wchandler/processer.go:57.2,57.21 1 1
github.com/achal1304/One2N_GoBootcamp/wordcount/wchandler/processer.go:57.21,62.21 5 1
github.com/achal1304/One2N_GoBootcamp/wordcount/wchandler/processer.go:62.21,64.4 1 1
github.com/achal1304/One2N_GoBootcamp/wordcount/wchandler/processer.go:67.2,67.38 1 1
github.com/achal1304/One2N_GoBootcamp/wordcount/wchandler/processer.go:67.38,70.3 2 0
github.com/achal1304/One2N_GoBootcamp/wordcount/wchandler/processer.go:72.2,72.31 1 1
github.com/achal1304/One2N_GoBootcamp/wordcount/wchandler/processer.go:80.24,81.35 1 1
github.com/achal1304/One2N_GoBootcamp/wordcount/wchandler/processer.go:81.35,86.26 4 1
github.com/achal1304/One2N_GoBootcamp/wordcount/wchandler/processer.go:86.26,87.21 1 1
github.com/achal1304/One2N_GoBootcamp/wordcount/wchandler/processer.go:87.21,89.5 1 1
github.com/achal1304/One2N_GoBootcamp/wordcount/wchandler/processer.go:89.10,93.5 3 1
github.com/achal1304/One2N_GoBootcamp/wordcount/wchandler/processer.go:94.9,96.4 1 1
github.com/achal1304/One2N_GoBootcamp/wordcount/wchandler/processer.go:98.2,99.10 2 1
github.com/achal1304/One2N_GoBootcamp/wordcount/wchandler/stdprocessor.go:10.82,12.70 2 1
github.com/achal1304/One2N_GoBootcamp/wordcount/wchandler/stdprocessor.go:12.70,13.24 1 1
github.com/achal1304/One2N_GoBootcamp/wordcount/wchandler/stdprocessor.go:13.24,15.4 1 1
github.com/achal1304/One2N_GoBootcamp/wordcount/wchandler/stdprocessor.go:17.3,17.24 1 1
github.com/achal1304/One2N_GoBootcamp/wordcount/wchandler/stdprocessor.go:17.24,19.4 1 1
github.com/achal1304/One2N_GoBootcamp/wordcount/wchandler/stdprocessor.go:21.3,21.29 1 1
github.com/achal1304/One2N_GoBootcamp/wordcount/wchandler/stdprocessor.go:21.29,23.4 1 1
github.com/achal1304/One2N_GoBootcamp/wordcount/wchandler/stdprocessor.go:24.3,24.52 1 1
github.com/achal1304/One2N_GoBootcamp/wordcount/wchandler/stdprocessor.go:25.8,30.3 4 1
github.com/achal1304/One2N_GoBootcamp/wordcount/wchandler/stdprocessor.go:32.2,32.15 1 1
github.com/achal1304/One2N_GoBootcamp/wordcount/wchandler/stdprocessor.go:35.49,37.2 1 1
