mode: set
github.com/achal1304/One2N_GoBootcamp/wordcount/main.go:8.13,10.2 1 0
github.com/achal1304/One2N_GoBootcamp/wordcount/contract/flags.go:9.25,11.2 1 0
github.com/achal1304/One2N_GoBootcamp/wordcount/cmd/root.go:26.54,36.28 7 0
github.com/achal1304/One2N_GoBootcamp/wordcount/cmd/root.go:36.28,39.4 2 0
github.com/achal1304/One2N_GoBootcamp/wordcount/cmd/root.go:41.3,41.13 1 0
github.com/achal1304/One2N_GoBootcamp/wordcount/cmd/root.go:41.13,44.4 2 0
github.com/achal1304/One2N_GoBootcamp/wordcount/cmd/root.go:46.3,50.25 5 0
github.com/achal1304/One2N_GoBootcamp/wordcount/cmd/root.go:50.25,52.4 1 0
github.com/achal1304/One2N_GoBootcamp/wordcount/cmd/root.go:53.3,53.20 1 0
github.com/achal1304/One2N_GoBootcamp/wordcount/cmd/root.go:53.20,55.4 1 0
github.com/achal1304/One2N_GoBootcamp/wordcount/cmd/root.go:57.3,57.13 1 0
github.com/achal1304/One2N_GoBootcamp/wordcount/cmd/root.go:63.16,65.16 2 0
github.com/achal1304/One2N_GoBootcamp/wordcount/cmd/root.go:65.16,67.3 1 0
github.com/achal1304/One2N_GoBootcamp/wordcount/cmd/root.go:70.13,86.2 5 0
github.com/achal1304/One2N_GoBootcamp/wordcount/wcerrors/error.go:14.44,15.44 1 1
github.com/achal1304/One2N_GoBootcamp/wordcount/wcerrors/error.go:15.44,20.3 1 1
github.com/achal1304/One2N_GoBootcamp/wordcount/wcerrors/error.go:20.8,20.53 1 1
github.com/achal1304/One2N_GoBootcamp/wordcount/wcerrors/error.go:20.53,25.3 1 1
github.com/achal1304/One2N_GoBootcamp/wordcount/wcerrors/error.go:25.8,30.3 1 1
github.com/achal1304/One2N_GoBootcamp/wordcount/contract/flags.go:9.25,11.2 1 0
github.com/achal1304/One2N_GoBootcamp/wordcount/wchandler/processer.go:15.121,19.16 4 1
github.com/achal1304/One2N_GoBootcamp/wordcount/wchandler/processer.go:19.16,23.3 3 1
github.com/achal1304/One2N_GoBootcamp/wordcount/wchandler/processer.go:25.2,25.22 1 1
github.com/achal1304/One2N_GoBootcamp/wordcount/wchandler/processer.go:25.22,29.3 3 1
github.com/achal1304/One2N_GoBootcamp/wordcount/wchandler/processer.go:31.2,32.16 2 1
github.com/achal1304/One2N_GoBootcamp/wordcount/wchandler/processer.go:32.16,36.3 3 0
github.com/achal1304/One2N_GoBootcamp/wordcount/wchandler/processer.go:37.2,40.21 3 1
github.com/achal1304/One2N_GoBootcamp/wordcount/wchandler/processer.go:40.21,45.3 4 1
github.com/achal1304/One2N_GoBootcamp/wordcount/wchandler/processer.go:46.2,47.16 2 1
github.com/achal1304/One2N_GoBootcamp/wordcount/wchandler/processer.go:47.16,51.3 3 0
github.com/achal1304/One2N_GoBootcamp/wordcount/wchandler/processer.go:52.2,54.38 2 1
github.com/achal1304/One2N_GoBootcamp/wordcount/wchandler/processer.go:54.38,57.3 2 0
github.com/achal1304/One2N_GoBootcamp/wordcount/wchandler/processer.go:59.2,59.31 1 1
github.com/achal1304/One2N_GoBootcamp/wordcount/wchandler/processer.go:67.24,68.35 1 1
github.com/achal1304/One2N_GoBootcamp/wordcount/wchandler/processer.go:68.35,73.26 4 1
github.com/achal1304/One2N_GoBootcamp/wordcount/wchandler/processer.go:73.26,74.21 1 1
github.com/achal1304/One2N_GoBootcamp/wordcount/wchandler/processer.go:74.21,76.5 1 1
github.com/achal1304/One2N_GoBootcamp/wordcount/wchandler/processer.go:76.10,80.5 3 1
github.com/achal1304/One2N_GoBootcamp/wordcount/wchandler/processer.go:81.9,83.4 1 1
github.com/achal1304/One2N_GoBootcamp/wordcount/wchandler/processer.go:85.2,86.10 2 1
github.com/achal1304/One2N_GoBootcamp/wordcount/wchandler/stdprocessor.go:10.82,12.70 2 1
github.com/achal1304/One2N_GoBootcamp/wordcount/wchandler/stdprocessor.go:12.70,13.24 1 1
github.com/achal1304/One2N_GoBootcamp/wordcount/wchandler/stdprocessor.go:13.24,15.4 1 1
github.com/achal1304/One2N_GoBootcamp/wordcount/wchandler/stdprocessor.go:17.3,17.24 1 1
github.com/achal1304/One2N_GoBootcamp/wordcount/wchandler/stdprocessor.go:17.24,19.4 1 1
github.com/achal1304/One2N_GoBootcamp/wordcount/wchandler/stdprocessor.go:21.3,21.29 1 1
github.com/achal1304/One2N_GoBootcamp/wordcount/wchandler/stdprocessor.go:21.29,23.4 1 1
github.com/achal1304/One2N_GoBootcamp/wordcount/wchandler/stdprocessor.go:24.3,24.52 1 1
github.com/achal1304/One2N_GoBootcamp/wordcount/wchandler/stdprocessor.go:25.8,30.3 4 1
github.com/achal1304/One2N_GoBootcamp/wordcount/wchandler/stdprocessor.go:32.2,32.15 1 1
github.com/achal1304/One2N_GoBootcamp/wordcount/wchandler/stdprocessor.go:35.49,37.2 1 1
