mode: set
github.com/achal1304/One2N_GoBootcamp/grep/cmd/root.go:23.54,27.21 2 0
github.com/achal1304/One2N_GoBootcamp/grep/cmd/root.go:27.21,31.47 3 0
github.com/achal1304/One2N_GoBootcamp/grep/cmd/root.go:31.47,34.5 2 0
github.com/achal1304/One2N_GoBootcamp/grep/cmd/root.go:36.4,36.11 1 0
github.com/achal1304/One2N_GoBootcamp/grep/cmd/root.go:37.49,38.27 1 0
github.com/achal1304/One2N_GoBootcamp/grep/cmd/root.go:40.30,41.23 1 0
github.com/achal1304/One2N_GoBootcamp/grep/cmd/root.go:41.23,44.6 2 0
github.com/achal1304/One2N_GoBootcamp/grep/cmd/root.go:44.11,47.6 2 0
github.com/achal1304/One2N_GoBootcamp/grep/cmd/root.go:49.12,50.22 1 0
github.com/achal1304/One2N_GoBootcamp/grep/cmd/root.go:53.4,54.18 2 0
github.com/achal1304/One2N_GoBootcamp/grep/cmd/root.go:54.18,57.5 2 0
github.com/achal1304/One2N_GoBootcamp/grep/cmd/root.go:59.4,59.29 1 0
github.com/achal1304/One2N_GoBootcamp/grep/cmd/root.go:59.29,61.5 1 0
github.com/achal1304/One2N_GoBootcamp/grep/cmd/root.go:61.10,63.19 2 0
github.com/achal1304/One2N_GoBootcamp/grep/cmd/root.go:63.19,66.6 2 0
github.com/achal1304/One2N_GoBootcamp/grep/cmd/root.go:67.5,68.48 2 0
github.com/achal1304/One2N_GoBootcamp/grep/cmd/root.go:70.9,72.4 1 0
github.com/achal1304/One2N_GoBootcamp/grep/cmd/root.go:73.3,73.13 1 0
github.com/achal1304/One2N_GoBootcamp/grep/cmd/root.go:79.16,81.16 2 0
github.com/achal1304/One2N_GoBootcamp/grep/cmd/root.go:81.16,83.3 1 0
github.com/achal1304/One2N_GoBootcamp/grep/cmd/root.go:86.13,90.2 3 0
github.com/achal1304/One2N_GoBootcamp/grep/main.go:9.13,11.2 1 0
github.com/achal1304/One2N_GoBootcamp/grep/utils/utils.go:3.79,4.31 1 0
github.com/achal1304/One2N_GoBootcamp/grep/utils/utils.go:4.31,6.3 1 0
github.com/achal1304/One2N_GoBootcamp/grep/utils/utils.go:6.8,8.3 1 0
github.com/achal1304/One2N_GoBootcamp/grep/helper/file.go:8.54,10.16 2 0
github.com/achal1304/One2N_GoBootcamp/grep/helper/file.go:10.16,11.22 1 0
github.com/achal1304/One2N_GoBootcamp/grep/helper/file.go:11.22,13.4 1 0
github.com/achal1304/One2N_GoBootcamp/grep/helper/file.go:13.9,15.4 1 0
github.com/achal1304/One2N_GoBootcamp/grep/helper/file.go:17.2,17.18 1 0
github.com/achal1304/One2N_GoBootcamp/grep/handler/processor.go:15.100,18.24 3 1
github.com/achal1304/One2N_GoBootcamp/grep/handler/processor.go:18.24,20.17 2 1
github.com/achal1304/One2N_GoBootcamp/grep/handler/processor.go:20.17,22.4 1 1
github.com/achal1304/One2N_GoBootcamp/grep/handler/processor.go:23.3,24.21 2 1
github.com/achal1304/One2N_GoBootcamp/grep/handler/processor.go:25.8,26.20 1 1
github.com/achal1304/One2N_GoBootcamp/grep/handler/processor.go:26.20,28.4 1 0
github.com/achal1304/One2N_GoBootcamp/grep/handler/processor.go:31.2,32.16 2 1
github.com/achal1304/One2N_GoBootcamp/grep/handler/processor.go:32.16,34.3 1 0
github.com/achal1304/One2N_GoBootcamp/grep/handler/processor.go:36.2,36.28 1 1
github.com/achal1304/One2N_GoBootcamp/grep/handler/processor.go:39.50,41.16 2 1
github.com/achal1304/One2N_GoBootcamp/grep/handler/processor.go:41.16,43.3 1 1
github.com/achal1304/One2N_GoBootcamp/grep/handler/processor.go:45.2,45.22 1 1
github.com/achal1304/One2N_GoBootcamp/grep/handler/processor.go:45.22,47.3 1 1
github.com/achal1304/One2N_GoBootcamp/grep/handler/processor.go:49.2,50.16 2 1
github.com/achal1304/One2N_GoBootcamp/grep/handler/processor.go:50.16,51.39 1 0
github.com/achal1304/One2N_GoBootcamp/grep/handler/processor.go:51.39,53.4 1 0
github.com/achal1304/One2N_GoBootcamp/grep/handler/processor.go:53.9,55.4 1 0
github.com/achal1304/One2N_GoBootcamp/grep/handler/processor.go:57.2,57.18 1 1
github.com/achal1304/One2N_GoBootcamp/grep/handler/processor.go:60.95,64.21 3 1
github.com/achal1304/One2N_GoBootcamp/grep/handler/processor.go:64.21,66.45 2 1
github.com/achal1304/One2N_GoBootcamp/grep/handler/processor.go:66.45,73.4 2 1
github.com/achal1304/One2N_GoBootcamp/grep/handler/processor.go:76.2,76.38 1 1
github.com/achal1304/One2N_GoBootcamp/grep/handler/processor.go:76.38,78.3 1 0
github.com/achal1304/One2N_GoBootcamp/grep/handler/processor.go:80.2,80.22 1 1
github.com/achal1304/One2N_GoBootcamp/grep/handler/stdprocessor.go:10.76,11.45 1 1
github.com/achal1304/One2N_GoBootcamp/grep/handler/stdprocessor.go:11.45,12.29 1 1
github.com/achal1304/One2N_GoBootcamp/grep/handler/stdprocessor.go:12.29,14.4 1 1
github.com/achal1304/One2N_GoBootcamp/grep/handler/stdprocessor.go:18.49,20.2 1 1
github.com/achal1304/One2N_GoBootcamp/grep/helper/file.go:8.54,10.16 2 1
github.com/achal1304/One2N_GoBootcamp/grep/helper/file.go:10.16,11.22 1 0
github.com/achal1304/One2N_GoBootcamp/grep/helper/file.go:11.22,13.4 1 0
github.com/achal1304/One2N_GoBootcamp/grep/helper/file.go:13.9,15.4 1 0
github.com/achal1304/One2N_GoBootcamp/grep/helper/file.go:17.2,17.18 1 1
github.com/achal1304/One2N_GoBootcamp/grep/utils/utils.go:3.79,4.31 1 1
github.com/achal1304/One2N_GoBootcamp/grep/utils/utils.go:4.31,6.3 1 1
github.com/achal1304/One2N_GoBootcamp/grep/utils/utils.go:6.8,8.3 1 1
