mode: set
github.com/achal1304/One2N_GoBootcamp/grep/main.go:9.13,11.2 1 0
github.com/achal1304/One2N_GoBootcamp/grep/cmd/root.go:18.54,20.21 2 0
github.com/achal1304/One2N_GoBootcamp/grep/cmd/root.go:20.21,24.18 4 0
github.com/achal1304/One2N_GoBootcamp/grep/cmd/root.go:24.18,27.5 2 0
github.com/achal1304/One2N_GoBootcamp/grep/cmd/root.go:29.4,29.52 1 0
github.com/achal1304/One2N_GoBootcamp/grep/cmd/root.go:31.3,31.13 1 0
github.com/achal1304/One2N_GoBootcamp/grep/cmd/root.go:37.16,39.16 2 0
github.com/achal1304/One2N_GoBootcamp/grep/cmd/root.go:39.16,41.3 1 0
github.com/achal1304/One2N_GoBootcamp/grep/cmd/root.go:44.14,45.2 0 0
github.com/achal1304/One2N_GoBootcamp/grep/utils/utils.go:3.79,4.31 1 0
github.com/achal1304/One2N_GoBootcamp/grep/utils/utils.go:4.31,6.3 1 0
github.com/achal1304/One2N_GoBootcamp/grep/utils/utils.go:6.8,8.3 1 0
github.com/achal1304/One2N_GoBootcamp/grep/handler/processor.go:15.82,18.24 3 1
github.com/achal1304/One2N_GoBootcamp/grep/handler/processor.go:18.24,20.17 2 1
github.com/achal1304/One2N_GoBootcamp/grep/handler/processor.go:20.17,22.4 1 1
github.com/achal1304/One2N_GoBootcamp/grep/handler/processor.go:23.3,26.17 4 1
github.com/achal1304/One2N_GoBootcamp/grep/handler/processor.go:26.17,28.4 1 0
github.com/achal1304/One2N_GoBootcamp/grep/handler/processor.go:29.8,31.3 1 1
github.com/achal1304/One2N_GoBootcamp/grep/handler/processor.go:33.2,33.28 1 1
github.com/achal1304/One2N_GoBootcamp/grep/handler/processor.go:36.50,38.16 2 1
github.com/achal1304/One2N_GoBootcamp/grep/handler/processor.go:38.16,40.3 1 1
github.com/achal1304/One2N_GoBootcamp/grep/handler/processor.go:42.2,42.22 1 1
github.com/achal1304/One2N_GoBootcamp/grep/handler/processor.go:42.22,44.3 1 1
github.com/achal1304/One2N_GoBootcamp/grep/handler/processor.go:46.2,47.16 2 1
github.com/achal1304/One2N_GoBootcamp/grep/handler/processor.go:47.16,48.39 1 0
github.com/achal1304/One2N_GoBootcamp/grep/handler/processor.go:48.39,50.4 1 0
github.com/achal1304/One2N_GoBootcamp/grep/handler/processor.go:50.9,52.4 1 0
github.com/achal1304/One2N_GoBootcamp/grep/handler/processor.go:54.2,54.18 1 1
github.com/achal1304/One2N_GoBootcamp/grep/handler/processor.go:57.95,61.21 3 1
github.com/achal1304/One2N_GoBootcamp/grep/handler/processor.go:61.21,63.45 2 1
github.com/achal1304/One2N_GoBootcamp/grep/handler/processor.go:63.45,65.4 1 1
github.com/achal1304/One2N_GoBootcamp/grep/handler/processor.go:68.2,68.38 1 1
github.com/achal1304/One2N_GoBootcamp/grep/handler/processor.go:68.38,70.3 1 0
github.com/achal1304/One2N_GoBootcamp/grep/handler/processor.go:72.2,72.22 1 1
github.com/achal1304/One2N_GoBootcamp/grep/handler/stdprocessor.go:10.76,11.45 1 0
github.com/achal1304/One2N_GoBootcamp/grep/handler/stdprocessor.go:11.45,12.29 1 0
github.com/achal1304/One2N_GoBootcamp/grep/handler/stdprocessor.go:12.29,14.4 1 0
github.com/achal1304/One2N_GoBootcamp/grep/handler/stdprocessor.go:18.49,20.2 1 0
github.com/achal1304/One2N_GoBootcamp/grep/utils/utils.go:3.79,4.31 1 1
github.com/achal1304/One2N_GoBootcamp/grep/utils/utils.go:4.31,6.3 1 1
github.com/achal1304/One2N_GoBootcamp/grep/utils/utils.go:6.8,8.3 1 1
