mode: set
github.com/achal1304/One2N_GoBootcamp/tree/cmd/root.go:21.54,24.20 3 0
github.com/achal1304/One2N_GoBootcamp/tree/cmd/root.go:24.20,26.4 1 0
github.com/achal1304/One2N_GoBootcamp/tree/cmd/root.go:28.3,28.28 1 0
github.com/achal1304/One2N_GoBootcamp/tree/cmd/root.go:28.28,31.4 2 0
github.com/achal1304/One2N_GoBootcamp/tree/cmd/root.go:33.3,34.17 2 0
github.com/achal1304/One2N_GoBootcamp/tree/cmd/root.go:34.17,37.4 2 0
github.com/achal1304/One2N_GoBootcamp/tree/cmd/root.go:39.3,41.13 2 0
github.com/achal1304/One2N_GoBootcamp/tree/cmd/root.go:47.16,49.16 2 0
github.com/achal1304/One2N_GoBootcamp/tree/cmd/root.go:49.16,51.3 1 0
github.com/achal1304/One2N_GoBootcamp/tree/cmd/root.go:54.13,64.2 9 0
github.com/achal1304/One2N_GoBootcamp/tree/main.go:8.13,10.2 1 0
github.com/achal1304/One2N_GoBootcamp/tree/utils/utils.go:8.38,10.16 2 0
github.com/achal1304/One2N_GoBootcamp/tree/utils/utils.go:10.16,13.3 2 0
github.com/achal1304/One2N_GoBootcamp/tree/utils/utils.go:14.2,14.24 1 0
github.com/achal1304/One2N_GoBootcamp/tree/utils/utils.go:17.38,19.16 2 0
github.com/achal1304/One2N_GoBootcamp/tree/utils/utils.go:19.16,21.3 1 0
github.com/achal1304/One2N_GoBootcamp/tree/utils/utils.go:23.2,23.19 1 0
github.com/achal1304/One2N_GoBootcamp/tree/utils/utils.go:23.19,25.3 1 0
github.com/achal1304/One2N_GoBootcamp/tree/utils/utils.go:26.2,26.13 1 0
github.com/achal1304/One2N_GoBootcamp/tree/utils/utils.go:30.51,32.2 1 0
github.com/achal1304/One2N_GoBootcamp/tree/handler/directory_processor.go:13.90,17.26 3 1
github.com/achal1304/One2N_GoBootcamp/tree/handler/directory_processor.go:17.26,24.3 1 1
github.com/achal1304/One2N_GoBootcamp/tree/handler/directory_processor.go:24.8,31.3 1 1
github.com/achal1304/One2N_GoBootcamp/tree/handler/directory_processor.go:32.2,33.16 2 1
github.com/achal1304/One2N_GoBootcamp/tree/handler/directory_processor.go:33.16,36.3 2 0
github.com/achal1304/One2N_GoBootcamp/tree/handler/directory_processor.go:37.2,39.22 3 1
github.com/achal1304/One2N_GoBootcamp/tree/handler/directory_processor.go:39.22,42.31 2 1
github.com/achal1304/One2N_GoBootcamp/tree/handler/directory_processor.go:42.31,43.34 1 1
github.com/achal1304/One2N_GoBootcamp/tree/handler/directory_processor.go:43.34,44.22 1 1
github.com/achal1304/One2N_GoBootcamp/tree/handler/directory_processor.go:44.22,46.11 2 1
github.com/achal1304/One2N_GoBootcamp/tree/handler/directory_processor.go:49.9,51.4 1 1
github.com/achal1304/One2N_GoBootcamp/tree/handler/directory_processor.go:53.2,53.19 1 1
github.com/achal1304/One2N_GoBootcamp/tree/handler/directory_processor.go:59.39,62.49 3 1
github.com/achal1304/One2N_GoBootcamp/tree/handler/directory_processor.go:62.49,64.3 1 1
github.com/achal1304/One2N_GoBootcamp/tree/handler/directory_processor.go:66.2,66.32 1 1
github.com/achal1304/One2N_GoBootcamp/tree/handler/directory_processor.go:66.32,67.43 1 1
github.com/achal1304/One2N_GoBootcamp/tree/handler/directory_processor.go:67.43,69.18 2 1
github.com/achal1304/One2N_GoBootcamp/tree/handler/directory_processor.go:69.18,71.5 1 0
github.com/achal1304/One2N_GoBootcamp/tree/handler/directory_processor.go:72.4,73.18 2 1
github.com/achal1304/One2N_GoBootcamp/tree/handler/directory_processor.go:73.18,75.5 1 0
github.com/achal1304/One2N_GoBootcamp/tree/handler/directory_processor.go:76.4,76.50 1 1
github.com/achal1304/One2N_GoBootcamp/tree/handler/directory_processor.go:80.2,81.32 2 1
github.com/achal1304/One2N_GoBootcamp/tree/handler/directory_processor.go:81.32,86.17 4 1
github.com/achal1304/One2N_GoBootcamp/tree/handler/directory_processor.go:86.17,87.12 1 0
github.com/achal1304/One2N_GoBootcamp/tree/handler/directory_processor.go:90.3,92.20 2 1
github.com/achal1304/One2N_GoBootcamp/tree/handler/directory_processor.go:92.20,105.4 6 1
github.com/achal1304/One2N_GoBootcamp/tree/handler/directory_processor.go:105.9,105.57 1 1
github.com/achal1304/One2N_GoBootcamp/tree/handler/directory_processor.go:105.57,115.4 3 1
github.com/achal1304/One2N_GoBootcamp/tree/handler/directory_processor.go:117.2,118.23 2 1
github.com/achal1304/One2N_GoBootcamp/tree/handler/json.go:25.98,32.31 3 0
github.com/achal1304/One2N_GoBootcamp/tree/handler/json.go:32.31,34.3 1 0
github.com/achal1304/One2N_GoBootcamp/tree/handler/json.go:37.2,42.47 4 0
github.com/achal1304/One2N_GoBootcamp/tree/handler/json.go:42.47,44.3 1 0
github.com/achal1304/One2N_GoBootcamp/tree/handler/json.go:46.2,46.12 1 0
github.com/achal1304/One2N_GoBootcamp/tree/handler/json.go:49.54,55.16 2 0
github.com/achal1304/One2N_GoBootcamp/tree/handler/json.go:55.16,57.38 2 0
github.com/achal1304/One2N_GoBootcamp/tree/handler/json.go:57.38,59.4 1 0
github.com/achal1304/One2N_GoBootcamp/tree/handler/json.go:62.2,62.17 1 0
github.com/achal1304/One2N_GoBootcamp/tree/handler/json.go:66.42,68.2 1 0
github.com/achal1304/One2N_GoBootcamp/tree/handler/processor.go:10.82,13.26 3 1
github.com/achal1304/One2N_GoBootcamp/tree/handler/processor.go:13.26,15.13 2 1
github.com/achal1304/One2N_GoBootcamp/tree/handler/processor.go:15.13,17.4 1 1
github.com/achal1304/One2N_GoBootcamp/tree/handler/processor.go:18.3,18.31 1 1
github.com/achal1304/One2N_GoBootcamp/tree/handler/processor.go:19.8,21.17 2 1
github.com/achal1304/One2N_GoBootcamp/tree/handler/processor.go:21.17,23.4 1 0
github.com/achal1304/One2N_GoBootcamp/tree/handler/processor.go:24.3,24.27 1 1
github.com/achal1304/One2N_GoBootcamp/tree/handler/processor.go:27.2,28.28 2 1
github.com/achal1304/One2N_GoBootcamp/tree/handler/stdprocessor.go:11.96,12.25 1 1
github.com/achal1304/One2N_GoBootcamp/tree/handler/stdprocessor.go:12.25,14.3 1 0
github.com/achal1304/One2N_GoBootcamp/tree/handler/stdprocessor.go:14.8,14.33 1 1
github.com/achal1304/One2N_GoBootcamp/tree/handler/stdprocessor.go:14.33,16.17 2 0
github.com/achal1304/One2N_GoBootcamp/tree/handler/stdprocessor.go:16.17,19.4 2 0
github.com/achal1304/One2N_GoBootcamp/tree/handler/stdprocessor.go:20.8,22.3 1 1
github.com/achal1304/One2N_GoBootcamp/tree/handler/stdprocessor.go:25.97,31.30 5 1
github.com/achal1304/One2N_GoBootcamp/tree/handler/stdprocessor.go:31.30,33.3 1 1
github.com/achal1304/One2N_GoBootcamp/tree/handler/stdprocessor.go:33.8,35.3 1 1
github.com/achal1304/One2N_GoBootcamp/tree/handler/stdprocessor.go:36.2,36.33 1 1
github.com/achal1304/One2N_GoBootcamp/tree/handler/stdprocessor.go:39.120,40.21 1 1
github.com/achal1304/One2N_GoBootcamp/tree/handler/stdprocessor.go:40.21,42.3 1 0
github.com/achal1304/One2N_GoBootcamp/tree/handler/stdprocessor.go:43.2,44.40 2 1
github.com/achal1304/One2N_GoBootcamp/tree/handler/stdprocessor.go:44.40,45.48 1 1
github.com/achal1304/One2N_GoBootcamp/tree/handler/stdprocessor.go:45.48,48.4 2 1
github.com/achal1304/One2N_GoBootcamp/tree/handler/stdprocessor.go:48.9,48.56 1 1
github.com/achal1304/One2N_GoBootcamp/tree/handler/stdprocessor.go:48.56,51.4 2 1
github.com/achal1304/One2N_GoBootcamp/tree/handler/stdprocessor.go:52.3,52.18 1 1
github.com/achal1304/One2N_GoBootcamp/tree/handler/stdprocessor.go:52.18,54.4 1 1
github.com/achal1304/One2N_GoBootcamp/tree/handler/stdprocessor.go:56.2,56.8 1 1
github.com/achal1304/One2N_GoBootcamp/tree/handler/stdprocessor.go:59.49,61.2 1 1
github.com/achal1304/One2N_GoBootcamp/tree/handler/stdprocessor.go:63.109,65.54 2 1
github.com/achal1304/One2N_GoBootcamp/tree/handler/stdprocessor.go:65.54,67.3 1 1
github.com/achal1304/One2N_GoBootcamp/tree/handler/stdprocessor.go:67.8,67.60 1 1
github.com/achal1304/One2N_GoBootcamp/tree/handler/stdprocessor.go:67.60,69.3 1 1
github.com/achal1304/One2N_GoBootcamp/tree/handler/stdprocessor.go:69.8,69.60 1 1
github.com/achal1304/One2N_GoBootcamp/tree/handler/stdprocessor.go:69.60,71.3 1 1
github.com/achal1304/One2N_GoBootcamp/tree/handler/stdprocessor.go:71.8,73.3 1 1
github.com/achal1304/One2N_GoBootcamp/tree/handler/stdprocessor.go:74.2,74.19 1 1
github.com/achal1304/One2N_GoBootcamp/tree/handler/xml.go:12.91,19.54 4 0
github.com/achal1304/One2N_GoBootcamp/tree/handler/xml.go:19.54,21.3 1 0
github.com/achal1304/One2N_GoBootcamp/tree/handler/xml.go:24.2,24.61 1 0
github.com/achal1304/One2N_GoBootcamp/tree/handler/xml.go:24.61,27.3 2 0
github.com/achal1304/One2N_GoBootcamp/tree/handler/xml.go:30.2,30.81 1 0
github.com/achal1304/One2N_GoBootcamp/tree/handler/xml.go:30.81,33.3 2 0
github.com/achal1304/One2N_GoBootcamp/tree/handler/xml.go:36.2,36.52 1 0
github.com/achal1304/One2N_GoBootcamp/tree/handler/xml.go:36.52,38.3 1 0
github.com/achal1304/One2N_GoBootcamp/tree/handler/xml.go:41.2,41.40 1 0
github.com/achal1304/One2N_GoBootcamp/tree/handler/xml.go:41.40,43.3 1 0
github.com/achal1304/One2N_GoBootcamp/tree/handler/xml.go:46.72,48.16 2 0
github.com/achal1304/One2N_GoBootcamp/tree/handler/xml.go:48.16,50.3 1 0
github.com/achal1304/One2N_GoBootcamp/tree/handler/xml.go:52.2,52.82 1 0
github.com/achal1304/One2N_GoBootcamp/tree/handler/xml.go:52.82,54.3 1 0
github.com/achal1304/One2N_GoBootcamp/tree/handler/xml.go:56.2,56.37 1 0
github.com/achal1304/One2N_GoBootcamp/tree/handler/xml.go:56.37,57.54 1 0
github.com/achal1304/One2N_GoBootcamp/tree/handler/xml.go:57.54,59.4 1 0
github.com/achal1304/One2N_GoBootcamp/tree/handler/xml.go:62.2,62.37 1 0
github.com/achal1304/One2N_GoBootcamp/tree/handler/xml.go:65.98,66.56 1 0
github.com/achal1304/One2N_GoBootcamp/tree/handler/xml.go:66.56,68.3 1 0
github.com/achal1304/One2N_GoBootcamp/tree/handler/xml.go:71.2,71.111 1 0
github.com/achal1304/One2N_GoBootcamp/tree/handler/xml.go:71.111,73.3 1 0
github.com/achal1304/One2N_GoBootcamp/tree/handler/xml.go:76.2,76.20 1 0
github.com/achal1304/One2N_GoBootcamp/tree/handler/xml.go:76.20,77.101 1 0
github.com/achal1304/One2N_GoBootcamp/tree/handler/xml.go:77.101,79.4 1 0
github.com/achal1304/One2N_GoBootcamp/tree/handler/xml.go:82.2,82.38 1 0
github.com/achal1304/One2N_GoBootcamp/tree/handler/xml.go:85.60,87.2 1 0
github.com/achal1304/One2N_GoBootcamp/tree/handler/xml.go:89.58,91.2 1 0
github.com/achal1304/One2N_GoBootcamp/tree/handler/xml.go:93.88,101.2 2 0
github.com/achal1304/One2N_GoBootcamp/tree/handler/xml.go:103.76,104.55 1 0
github.com/achal1304/One2N_GoBootcamp/tree/handler/xml.go:104.55,106.3 1 0
github.com/achal1304/One2N_GoBootcamp/tree/handler/xml.go:107.2,107.65 1 0
github.com/achal1304/One2N_GoBootcamp/tree/handler/xml.go:107.65,109.3 1 0
github.com/achal1304/One2N_GoBootcamp/tree/handler/xml.go:110.2,110.37 1 0
github.com/achal1304/One2N_GoBootcamp/tree/handler/xml.go:113.45,115.2 1 0
github.com/achal1304/One2N_GoBootcamp/tree/utils/utils.go:8.38,10.16 2 1
github.com/achal1304/One2N_GoBootcamp/tree/utils/utils.go:10.16,13.3 2 0
github.com/achal1304/One2N_GoBootcamp/tree/utils/utils.go:14.2,14.24 1 1
github.com/achal1304/One2N_GoBootcamp/tree/utils/utils.go:17.38,19.16 2 1
github.com/achal1304/One2N_GoBootcamp/tree/utils/utils.go:19.16,21.3 1 0
github.com/achal1304/One2N_GoBootcamp/tree/utils/utils.go:23.2,23.19 1 1
github.com/achal1304/One2N_GoBootcamp/tree/utils/utils.go:23.19,25.3 1 1
github.com/achal1304/One2N_GoBootcamp/tree/utils/utils.go:26.2,26.13 1 1
github.com/achal1304/One2N_GoBootcamp/tree/utils/utils.go:30.51,32.2 1 1
