mode: set
github.com/achal1304/One2N_GoBootcamp/tree/main.go:8.13,10.2 1 0
github.com/achal1304/One2N_GoBootcamp/tree/cmd/root.go:21.60,23.3 1 0
github.com/achal1304/One2N_GoBootcamp/tree/cmd/root.go:24.54,27.20 3 0
github.com/achal1304/One2N_GoBootcamp/tree/cmd/root.go:27.20,29.4 1 0
github.com/achal1304/One2N_GoBootcamp/tree/cmd/root.go:31.3,31.28 1 0
github.com/achal1304/One2N_GoBootcamp/tree/cmd/root.go:31.28,34.4 2 0
github.com/achal1304/One2N_GoBootcamp/tree/cmd/root.go:36.3,37.17 2 0
github.com/achal1304/One2N_GoBootcamp/tree/cmd/root.go:37.17,40.4 2 0
github.com/achal1304/One2N_GoBootcamp/tree/cmd/root.go:42.3,44.13 2 0
github.com/achal1304/One2N_GoBootcamp/tree/cmd/root.go:50.16,52.16 2 0
github.com/achal1304/One2N_GoBootcamp/tree/cmd/root.go:52.16,54.3 1 0
github.com/achal1304/One2N_GoBootcamp/tree/cmd/root.go:57.13,68.2 10 0
github.com/achal1304/One2N_GoBootcamp/tree/cmd/root.go:70.46,71.30 1 0
github.com/achal1304/One2N_GoBootcamp/tree/cmd/root.go:71.30,72.53 1 0
github.com/achal1304/One2N_GoBootcamp/tree/cmd/root.go:72.53,74.33 1 0
github.com/achal1304/One2N_GoBootcamp/tree/cmd/root.go:74.33,75.17 1 0
github.com/achal1304/One2N_GoBootcamp/tree/cmd/root.go:76.14,77.51 1 0
github.com/achal1304/One2N_GoBootcamp/tree/cmd/root.go:78.14,79.49 1 0
github.com/achal1304/One2N_GoBootcamp/tree/utils/utils.go:8.38,10.16 2 0
github.com/achal1304/One2N_GoBootcamp/tree/utils/utils.go:10.16,13.3 2 0
github.com/achal1304/One2N_GoBootcamp/tree/utils/utils.go:14.2,14.24 1 0
github.com/achal1304/One2N_GoBootcamp/tree/utils/utils.go:17.38,19.16 2 0
github.com/achal1304/One2N_GoBootcamp/tree/utils/utils.go:19.16,21.3 1 0
github.com/achal1304/One2N_GoBootcamp/tree/utils/utils.go:23.2,23.19 1 0
github.com/achal1304/One2N_GoBootcamp/tree/utils/utils.go:23.19,25.3 1 0
github.com/achal1304/One2N_GoBootcamp/tree/utils/utils.go:26.2,26.13 1 0
github.com/achal1304/One2N_GoBootcamp/tree/handler/directory_processor.go:12.90,16.26 3 1
github.com/achal1304/One2N_GoBootcamp/tree/handler/directory_processor.go:16.26,23.3 1 1
github.com/achal1304/One2N_GoBootcamp/tree/handler/directory_processor.go:23.8,30.3 1 1
github.com/achal1304/One2N_GoBootcamp/tree/handler/directory_processor.go:31.2,32.16 2 1
github.com/achal1304/One2N_GoBootcamp/tree/handler/directory_processor.go:32.16,35.3 2 0
github.com/achal1304/One2N_GoBootcamp/tree/handler/directory_processor.go:36.2,40.22 4 1
github.com/achal1304/One2N_GoBootcamp/tree/handler/directory_processor.go:40.22,43.31 2 1
github.com/achal1304/One2N_GoBootcamp/tree/handler/directory_processor.go:43.31,44.34 1 1
github.com/achal1304/One2N_GoBootcamp/tree/handler/directory_processor.go:44.34,45.22 1 1
github.com/achal1304/One2N_GoBootcamp/tree/handler/directory_processor.go:45.22,47.11 2 1
github.com/achal1304/One2N_GoBootcamp/tree/handler/directory_processor.go:50.9,52.4 1 1
github.com/achal1304/One2N_GoBootcamp/tree/handler/directory_processor.go:54.2,54.19 1 1
github.com/achal1304/One2N_GoBootcamp/tree/handler/directory_processor.go:60.39,63.49 3 1
github.com/achal1304/One2N_GoBootcamp/tree/handler/directory_processor.go:63.49,65.3 1 1
github.com/achal1304/One2N_GoBootcamp/tree/handler/directory_processor.go:67.2,67.32 1 1
github.com/achal1304/One2N_GoBootcamp/tree/handler/directory_processor.go:67.32,68.43 1 1
github.com/achal1304/One2N_GoBootcamp/tree/handler/directory_processor.go:68.43,70.18 2 1
github.com/achal1304/One2N_GoBootcamp/tree/handler/directory_processor.go:70.18,72.5 1 0
github.com/achal1304/One2N_GoBootcamp/tree/handler/directory_processor.go:73.4,74.18 2 1
github.com/achal1304/One2N_GoBootcamp/tree/handler/directory_processor.go:74.18,76.5 1 0
github.com/achal1304/One2N_GoBootcamp/tree/handler/directory_processor.go:77.4,77.50 1 1
github.com/achal1304/One2N_GoBootcamp/tree/handler/directory_processor.go:81.2,82.32 2 1
github.com/achal1304/One2N_GoBootcamp/tree/handler/directory_processor.go:82.32,87.17 4 1
github.com/achal1304/One2N_GoBootcamp/tree/handler/directory_processor.go:87.17,88.12 1 0
github.com/achal1304/One2N_GoBootcamp/tree/handler/directory_processor.go:91.3,94.20 3 1
github.com/achal1304/One2N_GoBootcamp/tree/handler/directory_processor.go:94.20,108.4 6 1
github.com/achal1304/One2N_GoBootcamp/tree/handler/directory_processor.go:108.9,108.57 1 1
github.com/achal1304/One2N_GoBootcamp/tree/handler/directory_processor.go:108.57,119.4 3 1
github.com/achal1304/One2N_GoBootcamp/tree/handler/directory_processor.go:121.2,122.23 2 1
github.com/achal1304/One2N_GoBootcamp/tree/handler/json.go:26.98,33.31 3 1
github.com/achal1304/One2N_GoBootcamp/tree/handler/json.go:33.31,35.3 1 1
github.com/achal1304/One2N_GoBootcamp/tree/handler/json.go:37.2,41.25 3 1
github.com/achal1304/One2N_GoBootcamp/tree/handler/json.go:41.25,43.3 1 1
github.com/achal1304/One2N_GoBootcamp/tree/handler/json.go:45.2,45.47 1 1
github.com/achal1304/One2N_GoBootcamp/tree/handler/json.go:45.47,47.3 1 0
github.com/achal1304/One2N_GoBootcamp/tree/handler/json.go:49.2,49.12 1 1
github.com/achal1304/One2N_GoBootcamp/tree/handler/json.go:52.80,58.16 2 1
github.com/achal1304/One2N_GoBootcamp/tree/handler/json.go:58.16,60.38 2 1
github.com/achal1304/One2N_GoBootcamp/tree/handler/json.go:60.38,62.4 1 1
github.com/achal1304/One2N_GoBootcamp/tree/handler/json.go:65.2,65.26 1 1
github.com/achal1304/One2N_GoBootcamp/tree/handler/json.go:65.26,68.3 2 1
github.com/achal1304/One2N_GoBootcamp/tree/handler/json.go:70.2,70.28 1 1
github.com/achal1304/One2N_GoBootcamp/tree/handler/json.go:70.28,72.3 1 1
github.com/achal1304/One2N_GoBootcamp/tree/handler/json.go:74.2,74.17 1 1
github.com/achal1304/One2N_GoBootcamp/tree/handler/processor.go:10.82,13.26 3 1
github.com/achal1304/One2N_GoBootcamp/tree/handler/processor.go:13.26,15.13 2 1
github.com/achal1304/One2N_GoBootcamp/tree/handler/processor.go:15.13,17.4 1 1
github.com/achal1304/One2N_GoBootcamp/tree/handler/processor.go:18.3,18.31 1 1
github.com/achal1304/One2N_GoBootcamp/tree/handler/processor.go:19.8,21.17 2 1
github.com/achal1304/One2N_GoBootcamp/tree/handler/processor.go:21.17,23.4 1 0
github.com/achal1304/One2N_GoBootcamp/tree/handler/processor.go:24.3,24.27 1 1
github.com/achal1304/One2N_GoBootcamp/tree/handler/processor.go:27.2,28.28 2 1
github.com/achal1304/One2N_GoBootcamp/tree/handler/stdprocessor.go:11.96,12.25 1 1
github.com/achal1304/One2N_GoBootcamp/tree/handler/stdprocessor.go:12.25,14.3 1 1
github.com/achal1304/One2N_GoBootcamp/tree/handler/stdprocessor.go:14.8,14.33 1 1
github.com/achal1304/One2N_GoBootcamp/tree/handler/stdprocessor.go:14.33,16.17 2 1
github.com/achal1304/One2N_GoBootcamp/tree/handler/stdprocessor.go:16.17,19.4 2 0
github.com/achal1304/One2N_GoBootcamp/tree/handler/stdprocessor.go:20.8,22.3 1 1
github.com/achal1304/One2N_GoBootcamp/tree/handler/stdprocessor.go:25.97,29.25 4 1
github.com/achal1304/One2N_GoBootcamp/tree/handler/stdprocessor.go:29.25,31.3 1 1
github.com/achal1304/One2N_GoBootcamp/tree/handler/stdprocessor.go:31.8,33.3 1 1
github.com/achal1304/One2N_GoBootcamp/tree/handler/stdprocessor.go:35.2,35.30 1 1
github.com/achal1304/One2N_GoBootcamp/tree/handler/stdprocessor.go:35.30,37.3 1 1
github.com/achal1304/One2N_GoBootcamp/tree/handler/stdprocessor.go:37.8,39.3 1 1
github.com/achal1304/One2N_GoBootcamp/tree/handler/stdprocessor.go:40.2,40.33 1 1
github.com/achal1304/One2N_GoBootcamp/tree/handler/stdprocessor.go:43.120,44.21 1 1
github.com/achal1304/One2N_GoBootcamp/tree/handler/stdprocessor.go:44.21,46.3 1 0
github.com/achal1304/One2N_GoBootcamp/tree/handler/stdprocessor.go:47.2,49.40 2 1
github.com/achal1304/One2N_GoBootcamp/tree/handler/stdprocessor.go:49.40,52.35 3 1
github.com/achal1304/One2N_GoBootcamp/tree/handler/stdprocessor.go:52.35,54.4 1 1
github.com/achal1304/One2N_GoBootcamp/tree/handler/stdprocessor.go:55.3,56.17 2 1
github.com/achal1304/One2N_GoBootcamp/tree/handler/stdprocessor.go:56.17,58.4 1 1
github.com/achal1304/One2N_GoBootcamp/tree/handler/stdprocessor.go:62.120,63.21 1 1
github.com/achal1304/One2N_GoBootcamp/tree/handler/stdprocessor.go:63.21,65.3 1 0
github.com/achal1304/One2N_GoBootcamp/tree/handler/stdprocessor.go:67.2,67.40 1 1
github.com/achal1304/One2N_GoBootcamp/tree/handler/stdprocessor.go:67.40,69.17 2 1
github.com/achal1304/One2N_GoBootcamp/tree/handler/stdprocessor.go:69.17,71.4 1 1
github.com/achal1304/One2N_GoBootcamp/tree/handler/stdprocessor.go:75.49,77.2 1 1
github.com/achal1304/One2N_GoBootcamp/tree/handler/stdprocessor.go:79.109,81.54 2 1
github.com/achal1304/One2N_GoBootcamp/tree/handler/stdprocessor.go:81.54,83.3 1 1
github.com/achal1304/One2N_GoBootcamp/tree/handler/stdprocessor.go:83.8,83.60 1 1
github.com/achal1304/One2N_GoBootcamp/tree/handler/stdprocessor.go:83.60,85.3 1 1
github.com/achal1304/One2N_GoBootcamp/tree/handler/stdprocessor.go:85.8,85.60 1 1
github.com/achal1304/One2N_GoBootcamp/tree/handler/stdprocessor.go:85.60,87.3 1 1
github.com/achal1304/One2N_GoBootcamp/tree/handler/stdprocessor.go:87.8,89.3 1 1
github.com/achal1304/One2N_GoBootcamp/tree/handler/stdprocessor.go:90.2,90.19 1 1
github.com/achal1304/One2N_GoBootcamp/tree/handler/xml.go:12.91,14.25 2 1
github.com/achal1304/One2N_GoBootcamp/tree/handler/xml.go:14.25,16.3 1 1
github.com/achal1304/One2N_GoBootcamp/tree/handler/xml.go:18.2,21.54 2 1
github.com/achal1304/One2N_GoBootcamp/tree/handler/xml.go:21.54,23.3 1 0
github.com/achal1304/One2N_GoBootcamp/tree/handler/xml.go:26.2,26.66 1 1
github.com/achal1304/One2N_GoBootcamp/tree/handler/xml.go:26.66,29.3 2 0
github.com/achal1304/One2N_GoBootcamp/tree/handler/xml.go:32.2,32.81 1 1
github.com/achal1304/One2N_GoBootcamp/tree/handler/xml.go:32.81,35.3 2 0
github.com/achal1304/One2N_GoBootcamp/tree/handler/xml.go:38.2,38.52 1 1
github.com/achal1304/One2N_GoBootcamp/tree/handler/xml.go:38.52,40.3 1 0
github.com/achal1304/One2N_GoBootcamp/tree/handler/xml.go:43.2,43.40 1 1
github.com/achal1304/One2N_GoBootcamp/tree/handler/xml.go:43.40,45.3 1 0
github.com/achal1304/One2N_GoBootcamp/tree/handler/xml.go:48.98,50.16 2 1
github.com/achal1304/One2N_GoBootcamp/tree/handler/xml.go:50.16,52.3 1 1
github.com/achal1304/One2N_GoBootcamp/tree/handler/xml.go:54.2,54.82 1 1
github.com/achal1304/One2N_GoBootcamp/tree/handler/xml.go:54.82,56.3 1 0
github.com/achal1304/One2N_GoBootcamp/tree/handler/xml.go:58.2,58.37 1 1
github.com/achal1304/One2N_GoBootcamp/tree/handler/xml.go:58.37,59.59 1 1
github.com/achal1304/One2N_GoBootcamp/tree/handler/xml.go:59.59,61.4 1 0
github.com/achal1304/One2N_GoBootcamp/tree/handler/xml.go:64.2,64.37 1 1
github.com/achal1304/One2N_GoBootcamp/tree/handler/xml.go:67.98,68.56 1 1
github.com/achal1304/One2N_GoBootcamp/tree/handler/xml.go:68.56,70.3 1 0
github.com/achal1304/One2N_GoBootcamp/tree/handler/xml.go:73.2,73.111 1 1
github.com/achal1304/One2N_GoBootcamp/tree/handler/xml.go:73.111,75.3 1 0
github.com/achal1304/One2N_GoBootcamp/tree/handler/xml.go:78.2,78.20 1 1
github.com/achal1304/One2N_GoBootcamp/tree/handler/xml.go:78.20,79.101 1 1
github.com/achal1304/One2N_GoBootcamp/tree/handler/xml.go:79.101,81.4 1 0
github.com/achal1304/One2N_GoBootcamp/tree/handler/xml.go:84.2,84.38 1 1
github.com/achal1304/One2N_GoBootcamp/tree/handler/xml.go:87.60,89.2 1 1
github.com/achal1304/One2N_GoBootcamp/tree/handler/xml.go:91.58,93.2 1 1
github.com/achal1304/One2N_GoBootcamp/tree/handler/xml.go:95.128,97.28 2 1
github.com/achal1304/One2N_GoBootcamp/tree/handler/xml.go:97.28,99.3 1 1
github.com/achal1304/One2N_GoBootcamp/tree/handler/xml.go:101.2,108.26 2 1
github.com/achal1304/One2N_GoBootcamp/tree/handler/xml.go:108.26,113.3 1 1
github.com/achal1304/One2N_GoBootcamp/tree/handler/xml.go:115.2,115.34 1 1
github.com/achal1304/One2N_GoBootcamp/tree/handler/xml.go:118.76,119.55 1 1
github.com/achal1304/One2N_GoBootcamp/tree/handler/xml.go:119.55,121.3 1 0
github.com/achal1304/One2N_GoBootcamp/tree/handler/xml.go:122.2,122.65 1 1
github.com/achal1304/One2N_GoBootcamp/tree/handler/xml.go:122.65,124.3 1 0
github.com/achal1304/One2N_GoBootcamp/tree/handler/xml.go:125.2,125.37 1 1
github.com/achal1304/One2N_GoBootcamp/tree/handler/xml.go:128.45,130.2 1 0
github.com/achal1304/One2N_GoBootcamp/tree/utils/utils.go:8.38,10.16 2 1
github.com/achal1304/One2N_GoBootcamp/tree/utils/utils.go:10.16,13.3 2 0
github.com/achal1304/One2N_GoBootcamp/tree/utils/utils.go:14.2,14.24 1 1
github.com/achal1304/One2N_GoBootcamp/tree/utils/utils.go:17.38,19.16 2 1
github.com/achal1304/One2N_GoBootcamp/tree/utils/utils.go:19.16,21.3 1 0
github.com/achal1304/One2N_GoBootcamp/tree/utils/utils.go:23.2,23.19 1 1
github.com/achal1304/One2N_GoBootcamp/tree/utils/utils.go:23.19,25.3 1 1
github.com/achal1304/One2N_GoBootcamp/tree/utils/utils.go:26.2,26.13 1 1
